[2017-10-13 15:47:02,143][ERROR]Error: bad format of schemaFile(/Users/magnus/projects/mine/zeus/app/handler/test/schema.js), expecting request / response to be an object, and auth to be an boolean.
    at Object.resolveSchema (/Users/magnus/projects/mine/zeus/helper/schema.js:23:10)
    at app.post (/Users/magnus/projects/mine/zeus/index.js:72:43)
    at Layer.handle [as handle_request] (/Users/magnus/projects/mine/zeus/node_modules/express/lib/router/layer.js:95:5)
    at next (/Users/magnus/projects/mine/zeus/node_modules/express/lib/router/route.js:137:13)
    at Route.dispatch (/Users/magnus/projects/mine/zeus/node_modules/express/lib/router/route.js:112:3)
    at Layer.handle [as handle_request] (/Users/magnus/projects/mine/zeus/node_modules/express/lib/router/layer.js:95:5)
    at /Users/magnus/projects/mine/zeus/node_modules/express/lib/router/index.js:281:22
    at param (/Users/magnus/projects/mine/zeus/node_modules/express/lib/router/index.js:354:14)
    at param (/Users/magnus/projects/mine/zeus/node_modules/express/lib/router/index.js:365:14)
    at Function.process_params (/Users/magnus/projects/mine/zeus/node_modules/express/lib/router/index.js:410:3)
[2017-10-13 15:48:00,315][ERROR]SyntaxError: Unexpected end of JSON input
    at JSON.parse (<anonymous>)
    at IncomingMessage.req.on (/Users/magnus/projects/mine/zeus/index.js:58:37)
    at emitNone (events.js:86:13)
    at IncomingMessage.emit (events.js:188:7)
    at endReadableNT (_stream_readable.js:975:12)
    at _combinedTickCallback (internal/process/next_tick.js:80:11)
    at process._tickCallback (internal/process/next_tick.js:104:9)
[2017-10-13 15:48:04,575][ERROR]SyntaxError: Unexpected token s in JSON at position 1
    at JSON.parse (<anonymous>)
    at IncomingMessage.req.on (/Users/magnus/projects/mine/zeus/index.js:58:37)
    at emitNone (events.js:86:13)
    at IncomingMessage.emit (events.js:188:7)
    at endReadableNT (_stream_readable.js:975:12)
    at _combinedTickCallback (internal/process/next_tick.js:80:11)
    at process._tickCallback (internal/process/next_tick.js:104:9)
[2017-10-13 15:48:07,299][ERROR]SyntaxError: Unexpected token s in JSON at position 1
    at JSON.parse (<anonymous>)
    at IncomingMessage.req.on (/Users/magnus/projects/mine/zeus/index.js:58:37)
    at emitNone (events.js:86:13)
    at IncomingMessage.emit (events.js:188:7)
    at endReadableNT (_stream_readable.js:975:12)
    at _combinedTickCallback (internal/process/next_tick.js:80:11)
    at process._tickCallback (internal/process/next_tick.js:104:9)
[2017-10-13 15:48:16,516][ERROR]TypeError: argument string is required
    at Object.parse (/Users/magnus/projects/mine/zeus/node_modules/content-type/index.js:108:11)
    at IncomingMessage.req.on (/Users/magnus/projects/mine/zeus/index.js:55:51)
    at emitNone (events.js:86:13)
    at IncomingMessage.emit (events.js:188:7)
    at endReadableNT (_stream_readable.js:975:12)
    at _combinedTickCallback (internal/process/next_tick.js:80:11)
    at process._tickCallback (internal/process/next_tick.js:104:9)
[2017-10-13 15:48:29,577][ERROR]SyntaxError: Unexpected number in JSON at position 1
    at JSON.parse (<anonymous>)
    at IncomingMessage.req.on (/Users/magnus/projects/mine/zeus/index.js:58:37)
    at emitNone (events.js:86:13)
    at IncomingMessage.emit (events.js:188:7)
    at endReadableNT (_stream_readable.js:975:12)
    at _combinedTickCallback (internal/process/next_tick.js:80:11)
    at process._tickCallback (internal/process/next_tick.js:104:9)
